<?xml version="1.0" encoding="UTF-8"?>
<testng-results skipped="0" failed="0" ignored="0" total="1" passed="1">
  <reporter-output>
  </reporter-output>
  <suite name="applitools.testrunner.TestRunner" duration-ms="6609" started-at="2019-11-29T13:50:03Z" finished-at="2019-11-29T13:50:10Z">
    <groups>
    </groups>
    <test name="Command line test" duration-ms="6609" started-at="2019-11-29T13:50:03Z" finished-at="2019-11-29T13:50:10Z">
      <class name="applitools.testrunner.TestRunner">
        <test-method status="PASS" signature="executeTest()[pri:0, instance:applitools.testrunner.TestRunner@7ac7a4e4]" name="executeTest" duration-ms="6589" started-at="2019-11-29T13:50:03Z" finished-at="2019-11-29T13:50:10Z">
          <reporter-output>
          </reporter-output>
        </test-method> <!-- executeTest -->
      </class> <!-- applitools.testrunner.TestRunner -->
    </test> <!-- Command line test -->
  </suite> <!-- applitools.testrunner.TestRunner -->
</testng-results>
