<?xml version="1.0" encoding="UTF-8"?>
<testng-results skipped="0" failed="0" total="2" passed="2">
  <reporter-output>
  </reporter-output>
  <suite name="Command line suite" duration-ms="118438" started-at="2019-11-29T16:41:43Z" finished-at="2019-11-29T16:43:41Z">
    <groups>
      <group name="cucumber">
        <method signature="AbstractTestNGCucumberTests.feature(cucumber.api.testng.CucumberFeatureWrapper)[pri:0, instance:applitools.testrunner.RunCukesTest@6615435c]" name="feature" class="cucumber.api.testng.AbstractTestNGCucumberTests"/>
      </group> <!-- cucumber -->
    </groups>
    <test name="Command line test" duration-ms="118438" started-at="2019-11-29T16:41:43Z" finished-at="2019-11-29T16:43:41Z">
      <class name="applitools.testrunner.RunCukesTest">
        <test-method status="PASS" signature="setUpClass()[pri:0, instance:applitools.testrunner.RunCukesTest@6615435c]" name="setUpClass" is-config="true" duration-ms="490" started-at="2019-11-29T22:11:43Z" finished-at="2019-11-29T22:11:43Z">
          <reporter-output>
          </reporter-output>
        </test-method> <!-- setUpClass -->
        <test-method status="PASS" signature="feature(cucumber.api.testng.CucumberFeatureWrapper)[pri:0, instance:applitools.testrunner.RunCukesTest@6615435c]" name="feature" duration-ms="301" started-at="2019-11-29T22:11:43Z" description="Runs Cucumber Feature" data-provider="features" finished-at="2019-11-29T22:11:44Z">
          <params>
            <param index="0">
              <value>
                <![CDATA[Traditional Test Suite]]>
              </value>
            </param>
          </params>
          <reporter-output>
          </reporter-output>
        </test-method> <!-- feature -->
        <test-method status="PASS" signature="feature(cucumber.api.testng.CucumberFeatureWrapper)[pri:0, instance:applitools.testrunner.RunCukesTest@6615435c]" name="feature" duration-ms="109850" started-at="2019-11-29T22:11:44Z" description="Runs Cucumber Feature" data-provider="features" finished-at="2019-11-29T22:13:33Z">
          <params>
            <param index="0">
              <value>
                <![CDATA[Visual AI Test Suite]]>
              </value>
            </param>
          </params>
          <reporter-output>
          </reporter-output>
        </test-method> <!-- feature -->
        <test-method status="PASS" signature="writeExtentReport()[pri:0, instance:applitools.testrunner.RunCukesTest@6615435c]" name="writeExtentReport" is-config="true" duration-ms="6387" started-at="2019-11-29T22:13:33Z" finished-at="2019-11-29T22:13:40Z">
          <reporter-output>
          </reporter-output>
        </test-method> <!-- writeExtentReport -->
        <test-method status="PASS" signature="tearDownClass()[pri:0, instance:applitools.testrunner.RunCukesTest@6615435c]" name="tearDownClass" is-config="true" duration-ms="1273" started-at="2019-11-29T22:13:40Z" finished-at="2019-11-29T22:13:41Z">
          <reporter-output>
          </reporter-output>
        </test-method> <!-- tearDownClass -->
      </class> <!-- applitools.testrunner.RunCukesTest -->
    </test> <!-- Command line test -->
  </suite> <!-- Command line suite -->
</testng-results>
